[2021-11-30 13:53:14] local.ERROR: SQLSTATE[42000]: Syntax error or access violation: 1067 Invalid default value for 'photo' (SQL: create table `products` (`product_id` bigint unsigned not null auto_increment primary key, `code` varchar(30) null, `category_id` int null, `product_name` varchar(30) not null, `price` decimal(6, 2) not null, `quantity` int not null, `product_description` varchar(255) null, `photo` decimal(8, 2) not null default 'prod_default.png', `vat` int not null default '0' comment '[1] - Applicable [0] - Not Applicable', `supplier_id` int null, `created_at` timestamp null, `updated_at` timestamp null) default character set utf8mb4 collate 'utf8mb4_unicode_ci') {"exception":"[object] (Illuminate\\Database\\QueryException(code: 42000): SQLSTATE[42000]: Syntax error or access violation: 1067 Invalid default value for 'photo' (SQL: create table `products` (`product_id` bigint unsigned not null auto_increment primary key, `code` varchar(30) null, `category_id` int null, `product_name` varchar(30) not null, `price` decimal(6, 2) not null, `quantity` int not null, `product_description` varchar(255) null, `photo` decimal(8, 2) not null default 'prod_default.png', `vat` int not null default '0' comment '[1] - Applicable [0] - Not Applicable', `supplier_id` int null, `created_at` timestamp null, `updated_at` timestamp null) default character set utf8mb4 collate 'utf8mb4_unicode_ci') at C:\\Users\\Ciann Renel Cazar\\Documents\\GitHub\\Mini_Sales_And_Inventory_Management_System\\vendor\\laravel\\framework\\src\\Illuminate\\Database\\Connection.php:703)
[stacktrace]
#0 C:\\Users\\Ciann Renel Cazar\\Documents\\GitHub\\Mini_Sales_And_Inventory_Management_System\\vendor\\laravel\\framework\\src\\Illuminate\\Database\\Connection.php(663): Illuminate\\Database\\Connection->runQueryCallback('create table `p...', Array, Object(Closure))
#1 C:\\Users\\Ciann Renel Cazar\\Documents\\GitHub\\Mini_Sales_And_Inventory_Management_System\\vendor\\laravel\\framework\\src\\Illuminate\\Database\\Connection.php(493): Illuminate\\Database\\Connection->run('create table `p...', Array, Object(Closure))
#2 C:\\Users\\Ciann Renel Cazar\\Documents\\GitHub\\Mini_Sales_And_Inventory_Management_System\\vendor\\laravel\\framework\\src\\Illuminate\\Database\\Schema\\Blueprint.php(109): Illuminate\\Database\\Connection->statement('create table `p...')
#3 C:\\Users\\Ciann Renel Cazar\\Documents\\GitHub\\Mini_Sales_And_Inventory_Management_System\\vendor\\laravel\\framework\\src\\Illuminate\\Database\\Schema\\Builder.php(365): Illuminate\\Database\\Schema\\Blueprint->build(Object(Illuminate\\Database\\MySqlConnection), Object(Illuminate\\Database\\Schema\\Grammars\\MySqlGrammar))
#4 C:\\Users\\Ciann Renel Cazar\\Documents\\GitHub\\Mini_Sales_And_Inventory_Management_System\\vendor\\laravel\\framework\\src\\Illuminate\\Database\\Schema\\Builder.php(228): Illuminate\\Database\\Schema\\Builder->build(Object(Illuminate\\Database\\Schema\\Blueprint))
#5 C:\\Users\\Ciann Renel Cazar\\Documents\\GitHub\\Mini_Sales_And_Inventory_Management_System\\vendor\\laravel\\framework\\src\\Illuminate\\Support\\Facades\\Facade.php(261): Illuminate\\Database\\Schema\\Builder->create('products', Object(Closure))
#6 C:\\Users\\Ciann Renel Cazar\\Documents\\GitHub\\Mini_Sales_And_Inventory_Management_System\\database\\migrations\\2021_11_24_092016_create_products_table.php(32): Illuminate\\Support\\Facades\\Facade::__callStatic('create', Array)
#7 C:\\Users\\Ciann Renel Cazar\\Documents\\GitHub\\Mini_Sales_And_Inventory_Management_System\\vendor\\laravel\\framework\\src\\Illuminate\\Database\\Migrations\\Migrator.php(394): CreateProductsTable->up()
#8 C:\\Users\\Ciann Renel Cazar\\Documents\\GitHub\\Mini_Sales_And_Inventory_Management_System\\vendor\\laravel\\framework\\src\\Illuminate\\Database\\Migrations\\Migrator.php(403): Illuminate\\Database\\Migrations\\Migrator->Illuminate\\Database\\Migrations\\{closure}()
#9 C:\\Users\\Ciann Renel Cazar\\Documents\\GitHub\\Mini_Sales_And_Inventory_Management_System\\vendor\\laravel\\framework\\src\\Illuminate\\Database\\Migrations\\Migrator.php(202): Illuminate\\Database\\Migrations\\Migrator->runMigration(Object(CreateProductsTable), 'up')
#10 C:\\Users\\Ciann Renel Cazar\\Documents\\GitHub\\Mini_Sales_And_Inventory_Management_System\\vendor\\laravel\\framework\\src\\Illuminate\\Database\\Migrations\\Migrator.php(167): Illuminate\\Database\\Migrations\\Migrator->runUp('C:\\\\Users\\\\Ciann ...', 1, false)
#11 C:\\Users\\Ciann Renel Cazar\\Documents\\GitHub\\Mini_Sales_And_Inventory_Management_System\\vendor\\laravel\\framework\\src\\Illuminate\\Database\\Migrations\\Migrator.php(112): Illuminate\\Database\\Migrations\\Migrator->runPending(Array, Array)
#12 C:\\Users\\Ciann Renel Cazar\\Documents\\GitHub\\Mini_Sales_And_Inventory_Management_System\\vendor\\laravel\\framework\\src\\Illuminate\\Database\\Console\\Migrations\\MigrateCommand.php(85): Illuminate\\Database\\Migrations\\Migrator->run(Array, Array)
#13 C:\\Users\\Ciann Renel Cazar\\Documents\\GitHub\\Mini_Sales_And_Inventory_Management_System\\vendor\\laravel\\framework\\src\\Illuminate\\Database\\Migrations\\Migrator.php(585): Illuminate\\Database\\Console\\Migrations\\MigrateCommand->Illuminate\\Database\\Console\\Migrations\\{closure}()
#14 C:\\Users\\Ciann Renel Cazar\\Documents\\GitHub\\Mini_Sales_And_Inventory_Management_System\\vendor\\laravel\\framework\\src\\Illuminate\\Database\\Console\\Migrations\\MigrateCommand.php(94): Illuminate\\Database\\Migrations\\Migrator->usingConnection(NULL, Object(Closure))
#15 C:\\Users\\Ciann Renel Cazar\\Documents\\GitHub\\Mini_Sales_And_Inventory_Management_System\\vendor\\laravel\\framework\\src\\Illuminate\\Container\\BoundMethod.php(36): Illuminate\\Database\\Console\\Migrations\\MigrateCommand->handle()
#16 C:\\Users\\Ciann Renel Cazar\\Documents\\GitHub\\Mini_Sales_And_Inventory_Management_System\\vendor\\laravel\\framework\\src\\Illuminate\\Container\\Util.php(40): Illuminate\\Container\\BoundMethod::Illuminate\\Container\\{closure}()
#17 C:\\Users\\Ciann Renel Cazar\\Documents\\GitHub\\Mini_Sales_And_Inventory_Management_System\\vendor\\laravel\\framework\\src\\Illuminate\\Container\\BoundMethod.php(93): Illuminate\\Container\\Util::unwrapIfClosure(Object(Closure))
#18 C:\\Users\\Ciann Renel Cazar\\Documents\\GitHub\\Mini_Sales_And_Inventory_Management_System\\vendor\\laravel\\framework\\src\\Illuminate\\Container\\BoundMethod.php(37): Illuminate\\Container\\BoundMethod::callBoundMethod(Object(Illuminate\\Foundation\\Application), Array, Object(Closure))
#19 C:\\Users\\Ciann Renel Cazar\\Documents\\GitHub\\Mini_Sales_And_Inventory_Management_System\\vendor\\laravel\\framework\\src\\Illuminate\\Container\\Container.php(653): Illuminate\\Container\\BoundMethod::call(Object(Illuminate\\Foundation\\Application), Array, Array, NULL)
#20 C:\\Users\\Ciann Renel Cazar\\Documents\\GitHub\\Mini_Sales_And_Inventory_Management_System\\vendor\\laravel\\framework\\src\\Illuminate\\Console\\Command.php(136): Illuminate\\Container\\Container->call(Array)
#21 C:\\Users\\Ciann Renel Cazar\\Documents\\GitHub\\Mini_Sales_And_Inventory_Management_System\\vendor\\symfony\\console\\Command\\Command.php(299): Illuminate\\Console\\Command->execute(Object(Symfony\\Component\\Console\\Input\\ArgvInput), Object(Illuminate\\Console\\OutputStyle))
#22 C:\\Users\\Ciann Renel Cazar\\Documents\\GitHub\\Mini_Sales_And_Inventory_Management_System\\vendor\\laravel\\framework\\src\\Illuminate\\Console\\Command.php(121): Symfony\\Component\\Console\\Command\\Command->run(Object(Symfony\\Component\\Console\\Input\\ArgvInput), Object(Illuminate\\Console\\OutputStyle))
#23 C:\\Users\\Ciann Renel Cazar\\Documents\\GitHub\\Mini_Sales_And_Inventory_Management_System\\vendor\\symfony\\console\\Application.php(978): Illuminate\\Console\\Command->run(Object(Symfony\\Component\\Console\\Input\\ArgvInput), Object(Symfony\\Component\\Console\\Output\\ConsoleOutput))
#24 C:\\Users\\Ciann Renel Cazar\\Documents\\GitHub\\Mini_Sales_And_Inventory_Management_System\\vendor\\symfony\\console\\Application.php(295): Symfony\\Component\\Console\\Application->doRunCommand(Object(Illuminate\\Database\\Console\\Migrations\\MigrateCommand), Object(Symfony\\Component\\Console\\Input\\ArgvInput), Object(Symfony\\Component\\Console\\Output\\ConsoleOutput))
#25 C:\\Users\\Ciann Renel Cazar\\Documents\\GitHub\\Mini_Sales_And_Inventory_Management_System\\vendor\\symfony\\console\\Application.php(167): Symfony\\Component\\Console\\Application->doRun(Object(Symfony\\Component\\Console\\Input\\ArgvInput), Object(Symfony\\Component\\Console\\Output\\ConsoleOutput))
#26 C:\\Users\\Ciann Renel Cazar\\Documents\\GitHub\\Mini_Sales_And_Inventory_Management_System\\vendor\\laravel\\framework\\src\\Illuminate\\Console\\Application.php(94): Symfony\\Component\\Console\\Application->run(Object(Symfony\\Component\\Console\\Input\\ArgvInput), Object(Symfony\\Component\\Console\\Output\\ConsoleOutput))
#27 C:\\Users\\Ciann Renel Cazar\\Documents\\GitHub\\Mini_Sales_And_Inventory_Management_System\\vendor\\laravel\\framework\\src\\Illuminate\\Foundation\\Console\\Kernel.php(129): Illuminate\\Console\\Application->run(Object(Symfony\\Component\\Console\\Input\\ArgvInput), Object(Symfony\\Component\\Console\\Output\\ConsoleOutput))
#28 C:\\Users\\Ciann Renel Cazar\\Documents\\GitHub\\Mini_Sales_And_Inventory_Management_System\\artisan(37): Illuminate\\Foundation\\Console\\Kernel->handle(Object(Symfony\\Component\\Console\\Input\\ArgvInput), Object(Symfony\\Component\\Console\\Output\\ConsoleOutput))
#29 {main}

[previous exception] [object] (PDOException(code: 42000): SQLSTATE[42000]: Syntax error or access violation: 1067 Invalid default value for 'photo' at C:\\Users\\Ciann Renel Cazar\\Documents\\GitHub\\Mini_Sales_And_Inventory_Management_System\\vendor\\laravel\\framework\\src\\Illuminate\\Database\\Connection.php:492)
[stacktrace]
#0 C:\\Users\\Ciann Renel Cazar\\Documents\\GitHub\\Mini_Sales_And_Inventory_Management_System\\vendor\\laravel\\framework\\src\\Illuminate\\Database\\Connection.php(492): PDOStatement->execute()
#1 C:\\Users\\Ciann Renel Cazar\\Documents\\GitHub\\Mini_Sales_And_Inventory_Management_System\\vendor\\laravel\\framework\\src\\Illuminate\\Database\\Connection.php(696): Illuminate\\Database\\Connection->Illuminate\\Database\\{closure}('create table `p...', Array)
#2 C:\\Users\\Ciann Renel Cazar\\Documents\\GitHub\\Mini_Sales_And_Inventory_Management_System\\vendor\\laravel\\framework\\src\\Illuminate\\Database\\Connection.php(663): Illuminate\\Database\\Connection->runQueryCallback('create table `p...', Array, Object(Closure))
#3 C:\\Users\\Ciann Renel Cazar\\Documents\\GitHub\\Mini_Sales_And_Inventory_Management_System\\vendor\\laravel\\framework\\src\\Illuminate\\Database\\Connection.php(493): Illuminate\\Database\\Connection->run('create table `p...', Array, Object(Closure))
#4 C:\\Users\\Ciann Renel Cazar\\Documents\\GitHub\\Mini_Sales_And_Inventory_Management_System\\vendor\\laravel\\framework\\src\\Illuminate\\Database\\Schema\\Blueprint.php(109): Illuminate\\Database\\Connection->statement('create table `p...')
#5 C:\\Users\\Ciann Renel Cazar\\Documents\\GitHub\\Mini_Sales_And_Inventory_Management_System\\vendor\\laravel\\framework\\src\\Illuminate\\Database\\Schema\\Builder.php(365): Illuminate\\Database\\Schema\\Blueprint->build(Object(Illuminate\\Database\\MySqlConnection), Object(Illuminate\\Database\\Schema\\Grammars\\MySqlGrammar))
#6 C:\\Users\\Ciann Renel Cazar\\Documents\\GitHub\\Mini_Sales_And_Inventory_Management_System\\vendor\\laravel\\framework\\src\\Illuminate\\Database\\Schema\\Builder.php(228): Illuminate\\Database\\Schema\\Builder->build(Object(Illuminate\\Database\\Schema\\Blueprint))
#7 C:\\Users\\Ciann Renel Cazar\\Documents\\GitHub\\Mini_Sales_And_Inventory_Management_System\\vendor\\laravel\\framework\\src\\Illuminate\\Support\\Facades\\Facade.php(261): Illuminate\\Database\\Schema\\Builder->create('products', Object(Closure))
#8 C:\\Users\\Ciann Renel Cazar\\Documents\\GitHub\\Mini_Sales_And_Inventory_Management_System\\database\\migrations\\2021_11_24_092016_create_products_table.php(32): Illuminate\\Support\\Facades\\Facade::__callStatic('create', Array)
#9 C:\\Users\\Ciann Renel Cazar\\Documents\\GitHub\\Mini_Sales_And_Inventory_Management_System\\vendor\\laravel\\framework\\src\\Illuminate\\Database\\Migrations\\Migrator.php(394): CreateProductsTable->up()
#10 C:\\Users\\Ciann Renel Cazar\\Documents\\GitHub\\Mini_Sales_And_Inventory_Management_System\\vendor\\laravel\\framework\\src\\Illuminate\\Database\\Migrations\\Migrator.php(403): Illuminate\\Database\\Migrations\\Migrator->Illuminate\\Database\\Migrations\\{closure}()
#11 C:\\Users\\Ciann Renel Cazar\\Documents\\GitHub\\Mini_Sales_And_Inventory_Management_System\\vendor\\laravel\\framework\\src\\Illuminate\\Database\\Migrations\\Migrator.php(202): Illuminate\\Database\\Migrations\\Migrator->runMigration(Object(CreateProductsTable), 'up')
#12 C:\\Users\\Ciann Renel Cazar\\Documents\\GitHub\\Mini_Sales_And_Inventory_Management_System\\vendor\\laravel\\framework\\src\\Illuminate\\Database\\Migrations\\Migrator.php(167): Illuminate\\Database\\Migrations\\Migrator->runUp('C:\\\\Users\\\\Ciann ...', 1, false)
#13 C:\\Users\\Ciann Renel Cazar\\Documents\\GitHub\\Mini_Sales_And_Inventory_Management_System\\vendor\\laravel\\framework\\src\\Illuminate\\Database\\Migrations\\Migrator.php(112): Illuminate\\Database\\Migrations\\Migrator->runPending(Array, Array)
#14 C:\\Users\\Ciann Renel Cazar\\Documents\\GitHub\\Mini_Sales_And_Inventory_Management_System\\vendor\\laravel\\framework\\src\\Illuminate\\Database\\Console\\Migrations\\MigrateCommand.php(85): Illuminate\\Database\\Migrations\\Migrator->run(Array, Array)
#15 C:\\Users\\Ciann Renel Cazar\\Documents\\GitHub\\Mini_Sales_And_Inventory_Management_System\\vendor\\laravel\\framework\\src\\Illuminate\\Database\\Migrations\\Migrator.php(585): Illuminate\\Database\\Console\\Migrations\\MigrateCommand->Illuminate\\Database\\Console\\Migrations\\{closure}()
#16 C:\\Users\\Ciann Renel Cazar\\Documents\\GitHub\\Mini_Sales_And_Inventory_Management_System\\vendor\\laravel\\framework\\src\\Illuminate\\Database\\Console\\Migrations\\MigrateCommand.php(94): Illuminate\\Database\\Migrations\\Migrator->usingConnection(NULL, Object(Closure))
#17 C:\\Users\\Ciann Renel Cazar\\Documents\\GitHub\\Mini_Sales_And_Inventory_Management_System\\vendor\\laravel\\framework\\src\\Illuminate\\Container\\BoundMethod.php(36): Illuminate\\Database\\Console\\Migrations\\MigrateCommand->handle()
#18 C:\\Users\\Ciann Renel Cazar\\Documents\\GitHub\\Mini_Sales_And_Inventory_Management_System\\vendor\\laravel\\framework\\src\\Illuminate\\Container\\Util.php(40): Illuminate\\Container\\BoundMethod::Illuminate\\Container\\{closure}()
#19 C:\\Users\\Ciann Renel Cazar\\Documents\\GitHub\\Mini_Sales_And_Inventory_Management_System\\vendor\\laravel\\framework\\src\\Illuminate\\Container\\BoundMethod.php(93): Illuminate\\Container\\Util::unwrapIfClosure(Object(Closure))
#20 C:\\Users\\Ciann Renel Cazar\\Documents\\GitHub\\Mini_Sales_And_Inventory_Management_System\\vendor\\laravel\\framework\\src\\Illuminate\\Container\\BoundMethod.php(37): Illuminate\\Container\\BoundMethod::callBoundMethod(Object(Illuminate\\Foundation\\Application), Array, Object(Closure))
#21 C:\\Users\\Ciann Renel Cazar\\Documents\\GitHub\\Mini_Sales_And_Inventory_Management_System\\vendor\\laravel\\framework\\src\\Illuminate\\Container\\Container.php(653): Illuminate\\Container\\BoundMethod::call(Object(Illuminate\\Foundation\\Application), Array, Array, NULL)
#22 C:\\Users\\Ciann Renel Cazar\\Documents\\GitHub\\Mini_Sales_And_Inventory_Management_System\\vendor\\laravel\\framework\\src\\Illuminate\\Console\\Command.php(136): Illuminate\\Container\\Container->call(Array)
#23 C:\\Users\\Ciann Renel Cazar\\Documents\\GitHub\\Mini_Sales_And_Inventory_Management_System\\vendor\\symfony\\console\\Command\\Command.php(299): Illuminate\\Console\\Command->execute(Object(Symfony\\Component\\Console\\Input\\ArgvInput), Object(Illuminate\\Console\\OutputStyle))
#24 C:\\Users\\Ciann Renel Cazar\\Documents\\GitHub\\Mini_Sales_And_Inventory_Management_System\\vendor\\laravel\\framework\\src\\Illuminate\\Console\\Command.php(121): Symfony\\Component\\Console\\Command\\Command->run(Object(Symfony\\Component\\Console\\Input\\ArgvInput), Object(Illuminate\\Console\\OutputStyle))
#25 C:\\Users\\Ciann Renel Cazar\\Documents\\GitHub\\Mini_Sales_And_Inventory_Management_System\\vendor\\symfony\\console\\Application.php(978): Illuminate\\Console\\Command->run(Object(Symfony\\Component\\Console\\Input\\ArgvInput), Object(Symfony\\Component\\Console\\Output\\ConsoleOutput))
#26 C:\\Users\\Ciann Renel Cazar\\Documents\\GitHub\\Mini_Sales_And_Inventory_Management_System\\vendor\\symfony\\console\\Application.php(295): Symfony\\Component\\Console\\Application->doRunCommand(Object(Illuminate\\Database\\Console\\Migrations\\MigrateCommand), Object(Symfony\\Component\\Console\\Input\\ArgvInput), Object(Symfony\\Component\\Console\\Output\\ConsoleOutput))
#27 C:\\Users\\Ciann Renel Cazar\\Documents\\GitHub\\Mini_Sales_And_Inventory_Management_System\\vendor\\symfony\\console\\Application.php(167): Symfony\\Component\\Console\\Application->doRun(Object(Symfony\\Component\\Console\\Input\\ArgvInput), Object(Symfony\\Component\\Console\\Output\\ConsoleOutput))
#28 C:\\Users\\Ciann Renel Cazar\\Documents\\GitHub\\Mini_Sales_And_Inventory_Management_System\\vendor\\laravel\\framework\\src\\Illuminate\\Console\\Application.php(94): Symfony\\Component\\Console\\Application->run(Object(Symfony\\Component\\Console\\Input\\ArgvInput), Object(Symfony\\Component\\Console\\Output\\ConsoleOutput))
#29 C:\\Users\\Ciann Renel Cazar\\Documents\\GitHub\\Mini_Sales_And_Inventory_Management_System\\vendor\\laravel\\framework\\src\\Illuminate\\Foundation\\Console\\Kernel.php(129): Illuminate\\Console\\Application->run(Object(Symfony\\Component\\Console\\Input\\ArgvInput), Object(Symfony\\Component\\Console\\Output\\ConsoleOutput))
#30 C:\\Users\\Ciann Renel Cazar\\Documents\\GitHub\\Mini_Sales_And_Inventory_Management_System\\artisan(37): Illuminate\\Foundation\\Console\\Kernel->handle(Object(Symfony\\Component\\Console\\Input\\ArgvInput), Object(Symfony\\Component\\Console\\Output\\ConsoleOutput))
#31 {main}
"} 
[2021-11-30 13:54:52] local.ERROR: SQLSTATE[22003]: Numeric value out of range: 1264 Out of range value for column 'price' at row 1 (SQL: insert into `products` (`code`, `product_name`, `price`, `quantity`) values (112234, HP Pavilion 15-eh, 50000, 16)) {"exception":"[object] (Illuminate\\Database\\QueryException(code: 22003): SQLSTATE[22003]: Numeric value out of range: 1264 Out of range value for column 'price' at row 1 (SQL: insert into `products` (`code`, `product_name`, `price`, `quantity`) values (112234, HP Pavilion 15-eh, 50000, 16)) at C:\\Users\\Ciann Renel Cazar\\Documents\\GitHub\\Mini_Sales_And_Inventory_Management_System\\vendor\\laravel\\framework\\src\\Illuminate\\Database\\Connection.php:703)
[stacktrace]
#0 C:\\Users\\Ciann Renel Cazar\\Documents\\GitHub\\Mini_Sales_And_Inventory_Management_System\\vendor\\laravel\\framework\\src\\Illuminate\\Database\\Connection.php(663): Illuminate\\Database\\Connection->runQueryCallback('insert into `pr...', Array, Object(Closure))
#1 C:\\Users\\Ciann Renel Cazar\\Documents\\GitHub\\Mini_Sales_And_Inventory_Management_System\\vendor\\laravel\\framework\\src\\Illuminate\\Database\\Connection.php(493): Illuminate\\Database\\Connection->run('insert into `pr...', Array, Object(Closure))
#2 C:\\Users\\Ciann Renel Cazar\\Documents\\GitHub\\Mini_Sales_And_Inventory_Management_System\\vendor\\laravel\\framework\\src\\Illuminate\\Database\\Connection.php(445): Illuminate\\Database\\Connection->statement('insert into `pr...', Array)
#3 C:\\Users\\Ciann Renel Cazar\\Documents\\GitHub\\Mini_Sales_And_Inventory_Management_System\\vendor\\laravel\\framework\\src\\Illuminate\\Database\\Query\\Builder.php(2918): Illuminate\\Database\\Connection->insert('insert into `pr...', Array)
#4 C:\\Users\\Ciann Renel Cazar\\Documents\\GitHub\\Mini_Sales_And_Inventory_Management_System\\database\\seeders\\DatabaseSeeder.php(75): Illuminate\\Database\\Query\\Builder->insert(Array)
#5 C:\\Users\\Ciann Renel Cazar\\Documents\\GitHub\\Mini_Sales_And_Inventory_Management_System\\vendor\\laravel\\framework\\src\\Illuminate\\Container\\BoundMethod.php(36): Database\\Seeders\\DatabaseSeeder->run()
#6 C:\\Users\\Ciann Renel Cazar\\Documents\\GitHub\\Mini_Sales_And_Inventory_Management_System\\vendor\\laravel\\framework\\src\\Illuminate\\Container\\Util.php(40): Illuminate\\Container\\BoundMethod::Illuminate\\Container\\{closure}()
#7 C:\\Users\\Ciann Renel Cazar\\Documents\\GitHub\\Mini_Sales_And_Inventory_Management_System\\vendor\\laravel\\framework\\src\\Illuminate\\Container\\BoundMethod.php(93): Illuminate\\Container\\Util::unwrapIfClosure(Object(Closure))
#8 C:\\Users\\Ciann Renel Cazar\\Documents\\GitHub\\Mini_Sales_And_Inventory_Management_System\\vendor\\laravel\\framework\\src\\Illuminate\\Container\\BoundMethod.php(37): Illuminate\\Container\\BoundMethod::callBoundMethod(Object(Illuminate\\Foundation\\Application), Array, Object(Closure))
#9 C:\\Users\\Ciann Renel Cazar\\Documents\\GitHub\\Mini_Sales_And_Inventory_Management_System\\vendor\\laravel\\framework\\src\\Illuminate\\Container\\Container.php(653): Illuminate\\Container\\BoundMethod::call(Object(Illuminate\\Foundation\\Application), Array, Array, NULL)
#10 C:\\Users\\Ciann Renel Cazar\\Documents\\GitHub\\Mini_Sales_And_Inventory_Management_System\\vendor\\laravel\\framework\\src\\Illuminate\\Database\\Seeder.php(149): Illuminate\\Container\\Container->call(Array, Array)
#11 C:\\Users\\Ciann Renel Cazar\\Documents\\GitHub\\Mini_Sales_And_Inventory_Management_System\\vendor\\laravel\\framework\\src\\Illuminate\\Database\\Console\\Seeds\\SeedCommand.php(66): Illuminate\\Database\\Seeder->__invoke()
#12 C:\\Users\\Ciann Renel Cazar\\Documents\\GitHub\\Mini_Sales_And_Inventory_Management_System\\vendor\\laravel\\framework\\src\\Illuminate\\Database\\Eloquent\\Concerns\\GuardsAttributes.php(157): Illuminate\\Database\\Console\\Seeds\\SeedCommand->Illuminate\\Database\\Console\\Seeds\\{closure}()
#13 C:\\Users\\Ciann Renel Cazar\\Documents\\GitHub\\Mini_Sales_And_Inventory_Management_System\\vendor\\laravel\\framework\\src\\Illuminate\\Database\\Console\\Seeds\\SeedCommand.php(67): Illuminate\\Database\\Eloquent\\Model::unguarded(Object(Closure))
#14 C:\\Users\\Ciann Renel Cazar\\Documents\\GitHub\\Mini_Sales_And_Inventory_Management_System\\vendor\\laravel\\framework\\src\\Illuminate\\Container\\BoundMethod.php(36): Illuminate\\Database\\Console\\Seeds\\SeedCommand->handle()
#15 C:\\Users\\Ciann Renel Cazar\\Documents\\GitHub\\Mini_Sales_And_Inventory_Management_System\\vendor\\laravel\\framework\\src\\Illuminate\\Container\\Util.php(40): Illuminate\\Container\\BoundMethod::Illuminate\\Container\\{closure}()
#16 C:\\Users\\Ciann Renel Cazar\\Documents\\GitHub\\Mini_Sales_And_Inventory_Management_System\\vendor\\laravel\\framework\\src\\Illuminate\\Container\\BoundMethod.php(93): Illuminate\\Container\\Util::unwrapIfClosure(Object(Closure))
#17 C:\\Users\\Ciann Renel Cazar\\Documents\\GitHub\\Mini_Sales_And_Inventory_Management_System\\vendor\\laravel\\framework\\src\\Illuminate\\Container\\BoundMethod.php(37): Illuminate\\Container\\BoundMethod::callBoundMethod(Object(Illuminate\\Foundation\\Application), Array, Object(Closure))
#18 C:\\Users\\Ciann Renel Cazar\\Documents\\GitHub\\Mini_Sales_And_Inventory_Management_System\\vendor\\laravel\\framework\\src\\Illuminate\\Container\\Container.php(653): Illuminate\\Container\\BoundMethod::call(Object(Illuminate\\Foundation\\Application), Array, Array, NULL)
#19 C:\\Users\\Ciann Renel Cazar\\Documents\\GitHub\\Mini_Sales_And_Inventory_Management_System\\vendor\\laravel\\framework\\src\\Illuminate\\Console\\Command.php(136): Illuminate\\Container\\Container->call(Array)
#20 C:\\Users\\Ciann Renel Cazar\\Documents\\GitHub\\Mini_Sales_And_Inventory_Management_System\\vendor\\symfony\\console\\Command\\Command.php(299): Illuminate\\Console\\Command->execute(Object(Symfony\\Component\\Console\\Input\\ArrayInput), Object(Illuminate\\Console\\OutputStyle))
#21 C:\\Users\\Ciann Renel Cazar\\Documents\\GitHub\\Mini_Sales_And_Inventory_Management_System\\vendor\\laravel\\framework\\src\\Illuminate\\Console\\Command.php(121): Symfony\\Component\\Console\\Command\\Command->run(Object(Symfony\\Component\\Console\\Input\\ArrayInput), Object(Illuminate\\Console\\OutputStyle))
#22 C:\\Users\\Ciann Renel Cazar\\Documents\\GitHub\\Mini_Sales_And_Inventory_Management_System\\vendor\\laravel\\framework\\src\\Illuminate\\Console\\Concerns\\CallsCommands.php(68): Illuminate\\Console\\Command->run(Object(Symfony\\Component\\Console\\Input\\ArrayInput), Object(Illuminate\\Console\\OutputStyle))
#23 C:\\Users\\Ciann Renel Cazar\\Documents\\GitHub\\Mini_Sales_And_Inventory_Management_System\\vendor\\laravel\\framework\\src\\Illuminate\\Console\\Concerns\\CallsCommands.php(28): Illuminate\\Console\\Command->runCommand('db:seed', Array, Object(Illuminate\\Console\\OutputStyle))
#24 C:\\Users\\Ciann Renel Cazar\\Documents\\GitHub\\Mini_Sales_And_Inventory_Management_System\\vendor\\laravel\\framework\\src\\Illuminate\\Database\\Console\\Migrations\\FreshCommand.php(90): Illuminate\\Console\\Command->call('db:seed', Array)
#25 C:\\Users\\Ciann Renel Cazar\\Documents\\GitHub\\Mini_Sales_And_Inventory_Management_System\\vendor\\laravel\\framework\\src\\Illuminate\\Database\\Console\\Migrations\\FreshCommand.php(65): Illuminate\\Database\\Console\\Migrations\\FreshCommand->runSeeder(NULL)
#26 C:\\Users\\Ciann Renel Cazar\\Documents\\GitHub\\Mini_Sales_And_Inventory_Management_System\\vendor\\laravel\\framework\\src\\Illuminate\\Container\\BoundMethod.php(36): Illuminate\\Database\\Console\\Migrations\\FreshCommand->handle()
#27 C:\\Users\\Ciann Renel Cazar\\Documents\\GitHub\\Mini_Sales_And_Inventory_Management_System\\vendor\\laravel\\framework\\src\\Illuminate\\Container\\Util.php(40): Illuminate\\Container\\BoundMethod::Illuminate\\Container\\{closure}()
#28 C:\\Users\\Ciann Renel Cazar\\Documents\\GitHub\\Mini_Sales_And_Inventory_Management_System\\vendor\\laravel\\framework\\src\\Illuminate\\Container\\BoundMethod.php(93): Illuminate\\Container\\Util::unwrapIfClosure(Object(Closure))
#29 C:\\Users\\Ciann Renel Cazar\\Documents\\GitHub\\Mini_Sales_And_Inventory_Management_System\\vendor\\laravel\\framework\\src\\Illuminate\\Container\\BoundMethod.php(37): Illuminate\\Container\\BoundMethod::callBoundMethod(Object(Illuminate\\Foundation\\Application), Array, Object(Closure))
#30 C:\\Users\\Ciann Renel Cazar\\Documents\\GitHub\\Mini_Sales_And_Inventory_Management_System\\vendor\\laravel\\framework\\src\\Illuminate\\Container\\Container.php(653): Illuminate\\Container\\BoundMethod::call(Object(Illuminate\\Foundation\\Application), Array, Array, NULL)
#31 C:\\Users\\Ciann Renel Cazar\\Documents\\GitHub\\Mini_Sales_And_Inventory_Management_System\\vendor\\laravel\\framework\\src\\Illuminate\\Console\\Command.php(136): Illuminate\\Container\\Container->call(Array)
#32 C:\\Users\\Ciann Renel Cazar\\Documents\\GitHub\\Mini_Sales_And_Inventory_Management_System\\vendor\\symfony\\console\\Command\\Command.php(299): Illuminate\\Console\\Command->execute(Object(Symfony\\Component\\Console\\Input\\ArgvInput), Object(Illuminate\\Console\\OutputStyle))
#33 C:\\Users\\Ciann Renel Cazar\\Documents\\GitHub\\Mini_Sales_And_Inventory_Management_System\\vendor\\laravel\\framework\\src\\Illuminate\\Console\\Command.php(121): Symfony\\Component\\Console\\Command\\Command->run(Object(Symfony\\Component\\Console\\Input\\ArgvInput), Object(Illuminate\\Console\\OutputStyle))
#34 C:\\Users\\Ciann Renel Cazar\\Documents\\GitHub\\Mini_Sales_And_Inventory_Management_System\\vendor\\symfony\\console\\Application.php(978): Illuminate\\Console\\Command->run(Object(Symfony\\Component\\Console\\Input\\ArgvInput), Object(Symfony\\Component\\Console\\Output\\ConsoleOutput))
#35 C:\\Users\\Ciann Renel Cazar\\Documents\\GitHub\\Mini_Sales_And_Inventory_Management_System\\vendor\\symfony\\console\\Application.php(295): Symfony\\Component\\Console\\Application->doRunCommand(Object(Illuminate\\Database\\Console\\Migrations\\FreshCommand), Object(Symfony\\Component\\Console\\Input\\ArgvInput), Object(Symfony\\Component\\Console\\Output\\ConsoleOutput))
#36 C:\\Users\\Ciann Renel Cazar\\Documents\\GitHub\\Mini_Sales_And_Inventory_Management_System\\vendor\\symfony\\console\\Application.php(167): Symfony\\Component\\Console\\Application->doRun(Object(Symfony\\Component\\Console\\Input\\ArgvInput), Object(Symfony\\Component\\Console\\Output\\ConsoleOutput))
#37 C:\\Users\\Ciann Renel Cazar\\Documents\\GitHub\\Mini_Sales_And_Inventory_Management_System\\vendor\\laravel\\framework\\src\\Illuminate\\Console\\Application.php(94): Symfony\\Component\\Console\\Application->run(Object(Symfony\\Component\\Console\\Input\\ArgvInput), Object(Symfony\\Component\\Console\\Output\\ConsoleOutput))
#38 C:\\Users\\Ciann Renel Cazar\\Documents\\GitHub\\Mini_Sales_And_Inventory_Management_System\\vendor\\laravel\\framework\\src\\Illuminate\\Foundation\\Console\\Kernel.php(129): Illuminate\\Console\\Application->run(Object(Symfony\\Component\\Console\\Input\\ArgvInput), Object(Symfony\\Component\\Console\\Output\\ConsoleOutput))
#39 C:\\Users\\Ciann Renel Cazar\\Documents\\GitHub\\Mini_Sales_And_Inventory_Management_System\\artisan(37): Illuminate\\Foundation\\Console\\Kernel->handle(Object(Symfony\\Component\\Console\\Input\\ArgvInput), Object(Symfony\\Component\\Console\\Output\\ConsoleOutput))
#40 {main}

[previous exception] [object] (PDOException(code: 22003): SQLSTATE[22003]: Numeric value out of range: 1264 Out of range value for column 'price' at row 1 at C:\\Users\\Ciann Renel Cazar\\Documents\\GitHub\\Mini_Sales_And_Inventory_Management_System\\vendor\\laravel\\framework\\src\\Illuminate\\Database\\Connection.php:492)
[stacktrace]
#0 C:\\Users\\Ciann Renel Cazar\\Documents\\GitHub\\Mini_Sales_And_Inventory_Management_System\\vendor\\laravel\\framework\\src\\Illuminate\\Database\\Connection.php(492): PDOStatement->execute()
#1 C:\\Users\\Ciann Renel Cazar\\Documents\\GitHub\\Mini_Sales_And_Inventory_Management_System\\vendor\\laravel\\framework\\src\\Illuminate\\Database\\Connection.php(696): Illuminate\\Database\\Connection->Illuminate\\Database\\{closure}('insert into `pr...', Array)
#2 C:\\Users\\Ciann Renel Cazar\\Documents\\GitHub\\Mini_Sales_And_Inventory_Management_System\\vendor\\laravel\\framework\\src\\Illuminate\\Database\\Connection.php(663): Illuminate\\Database\\Connection->runQueryCallback('insert into `pr...', Array, Object(Closure))
#3 C:\\Users\\Ciann Renel Cazar\\Documents\\GitHub\\Mini_Sales_And_Inventory_Management_System\\vendor\\laravel\\framework\\src\\Illuminate\\Database\\Connection.php(493): Illuminate\\Database\\Connection->run('insert into `pr...', Array, Object(Closure))
#4 C:\\Users\\Ciann Renel Cazar\\Documents\\GitHub\\Mini_Sales_And_Inventory_Management_System\\vendor\\laravel\\framework\\src\\Illuminate\\Database\\Connection.php(445): Illuminate\\Database\\Connection->statement('insert into `pr...', Array)
#5 C:\\Users\\Ciann Renel Cazar\\Documents\\GitHub\\Mini_Sales_And_Inventory_Management_System\\vendor\\laravel\\framework\\src\\Illuminate\\Database\\Query\\Builder.php(2918): Illuminate\\Database\\Connection->insert('insert into `pr...', Array)
#6 C:\\Users\\Ciann Renel Cazar\\Documents\\GitHub\\Mini_Sales_And_Inventory_Management_System\\database\\seeders\\DatabaseSeeder.php(75): Illuminate\\Database\\Query\\Builder->insert(Array)
#7 C:\\Users\\Ciann Renel Cazar\\Documents\\GitHub\\Mini_Sales_And_Inventory_Management_System\\vendor\\laravel\\framework\\src\\Illuminate\\Container\\BoundMethod.php(36): Database\\Seeders\\DatabaseSeeder->run()
#8 C:\\Users\\Ciann Renel Cazar\\Documents\\GitHub\\Mini_Sales_And_Inventory_Management_System\\vendor\\laravel\\framework\\src\\Illuminate\\Container\\Util.php(40): Illuminate\\Container\\BoundMethod::Illuminate\\Container\\{closure}()
#9 C:\\Users\\Ciann Renel Cazar\\Documents\\GitHub\\Mini_Sales_And_Inventory_Management_System\\vendor\\laravel\\framework\\src\\Illuminate\\Container\\BoundMethod.php(93): Illuminate\\Container\\Util::unwrapIfClosure(Object(Closure))
#10 C:\\Users\\Ciann Renel Cazar\\Documents\\GitHub\\Mini_Sales_And_Inventory_Management_System\\vendor\\laravel\\framework\\src\\Illuminate\\Container\\BoundMethod.php(37): Illuminate\\Container\\BoundMethod::callBoundMethod(Object(Illuminate\\Foundation\\Application), Array, Object(Closure))
#11 C:\\Users\\Ciann Renel Cazar\\Documents\\GitHub\\Mini_Sales_And_Inventory_Management_System\\vendor\\laravel\\framework\\src\\Illuminate\\Container\\Container.php(653): Illuminate\\Container\\BoundMethod::call(Object(Illuminate\\Foundation\\Application), Array, Array, NULL)
#12 C:\\Users\\Ciann Renel Cazar\\Documents\\GitHub\\Mini_Sales_And_Inventory_Management_System\\vendor\\laravel\\framework\\src\\Illuminate\\Database\\Seeder.php(149): Illuminate\\Container\\Container->call(Array, Array)
#13 C:\\Users\\Ciann Renel Cazar\\Documents\\GitHub\\Mini_Sales_And_Inventory_Management_System\\vendor\\laravel\\framework\\src\\Illuminate\\Database\\Console\\Seeds\\SeedCommand.php(66): Illuminate\\Database\\Seeder->__invoke()
#14 C:\\Users\\Ciann Renel Cazar\\Documents\\GitHub\\Mini_Sales_And_Inventory_Management_System\\vendor\\laravel\\framework\\src\\Illuminate\\Database\\Eloquent\\Concerns\\GuardsAttributes.php(157): Illuminate\\Database\\Console\\Seeds\\SeedCommand->Illuminate\\Database\\Console\\Seeds\\{closure}()
#15 C:\\Users\\Ciann Renel Cazar\\Documents\\GitHub\\Mini_Sales_And_Inventory_Management_System\\vendor\\laravel\\framework\\src\\Illuminate\\Database\\Console\\Seeds\\SeedCommand.php(67): Illuminate\\Database\\Eloquent\\Model::unguarded(Object(Closure))
#16 C:\\Users\\Ciann Renel Cazar\\Documents\\GitHub\\Mini_Sales_And_Inventory_Management_System\\vendor\\laravel\\framework\\src\\Illuminate\\Container\\BoundMethod.php(36): Illuminate\\Database\\Console\\Seeds\\SeedCommand->handle()
#17 C:\\Users\\Ciann Renel Cazar\\Documents\\GitHub\\Mini_Sales_And_Inventory_Management_System\\vendor\\laravel\\framework\\src\\Illuminate\\Container\\Util.php(40): Illuminate\\Container\\BoundMethod::Illuminate\\Container\\{closure}()
#18 C:\\Users\\Ciann Renel Cazar\\Documents\\GitHub\\Mini_Sales_And_Inventory_Management_System\\vendor\\laravel\\framework\\src\\Illuminate\\Container\\BoundMethod.php(93): Illuminate\\Container\\Util::unwrapIfClosure(Object(Closure))
#19 C:\\Users\\Ciann Renel Cazar\\Documents\\GitHub\\Mini_Sales_And_Inventory_Management_System\\vendor\\laravel\\framework\\src\\Illuminate\\Container\\BoundMethod.php(37): Illuminate\\Container\\BoundMethod::callBoundMethod(Object(Illuminate\\Foundation\\Application), Array, Object(Closure))
#20 C:\\Users\\Ciann Renel Cazar\\Documents\\GitHub\\Mini_Sales_And_Inventory_Management_System\\vendor\\laravel\\framework\\src\\Illuminate\\Container\\Container.php(653): Illuminate\\Container\\BoundMethod::call(Object(Illuminate\\Foundation\\Application), Array, Array, NULL)
#21 C:\\Users\\Ciann Renel Cazar\\Documents\\GitHub\\Mini_Sales_And_Inventory_Management_System\\vendor\\laravel\\framework\\src\\Illuminate\\Console\\Command.php(136): Illuminate\\Container\\Container->call(Array)
#22 C:\\Users\\Ciann Renel Cazar\\Documents\\GitHub\\Mini_Sales_And_Inventory_Management_System\\vendor\\symfony\\console\\Command\\Command.php(299): Illuminate\\Console\\Command->execute(Object(Symfony\\Component\\Console\\Input\\ArrayInput), Object(Illuminate\\Console\\OutputStyle))
#23 C:\\Users\\Ciann Renel Cazar\\Documents\\GitHub\\Mini_Sales_And_Inventory_Management_System\\vendor\\laravel\\framework\\src\\Illuminate\\Console\\Command.php(121): Symfony\\Component\\Console\\Command\\Command->run(Object(Symfony\\Component\\Console\\Input\\ArrayInput), Object(Illuminate\\Console\\OutputStyle))
#24 C:\\Users\\Ciann Renel Cazar\\Documents\\GitHub\\Mini_Sales_And_Inventory_Management_System\\vendor\\laravel\\framework\\src\\Illuminate\\Console\\Concerns\\CallsCommands.php(68): Illuminate\\Console\\Command->run(Object(Symfony\\Component\\Console\\Input\\ArrayInput), Object(Illuminate\\Console\\OutputStyle))
#25 C:\\Users\\Ciann Renel Cazar\\Documents\\GitHub\\Mini_Sales_And_Inventory_Management_System\\vendor\\laravel\\framework\\src\\Illuminate\\Console\\Concerns\\CallsCommands.php(28): Illuminate\\Console\\Command->runCommand('db:seed', Array, Object(Illuminate\\Console\\OutputStyle))
#26 C:\\Users\\Ciann Renel Cazar\\Documents\\GitHub\\Mini_Sales_And_Inventory_Management_System\\vendor\\laravel\\framework\\src\\Illuminate\\Database\\Console\\Migrations\\FreshCommand.php(90): Illuminate\\Console\\Command->call('db:seed', Array)
#27 C:\\Users\\Ciann Renel Cazar\\Documents\\GitHub\\Mini_Sales_And_Inventory_Management_System\\vendor\\laravel\\framework\\src\\Illuminate\\Database\\Console\\Migrations\\FreshCommand.php(65): Illuminate\\Database\\Console\\Migrations\\FreshCommand->runSeeder(NULL)
#28 C:\\Users\\Ciann Renel Cazar\\Documents\\GitHub\\Mini_Sales_And_Inventory_Management_System\\vendor\\laravel\\framework\\src\\Illuminate\\Container\\BoundMethod.php(36): Illuminate\\Database\\Console\\Migrations\\FreshCommand->handle()
#29 C:\\Users\\Ciann Renel Cazar\\Documents\\GitHub\\Mini_Sales_And_Inventory_Management_System\\vendor\\laravel\\framework\\src\\Illuminate\\Container\\Util.php(40): Illuminate\\Container\\BoundMethod::Illuminate\\Container\\{closure}()
#30 C:\\Users\\Ciann Renel Cazar\\Documents\\GitHub\\Mini_Sales_And_Inventory_Management_System\\vendor\\laravel\\framework\\src\\Illuminate\\Container\\BoundMethod.php(93): Illuminate\\Container\\Util::unwrapIfClosure(Object(Closure))
#31 C:\\Users\\Ciann Renel Cazar\\Documents\\GitHub\\Mini_Sales_And_Inventory_Management_System\\vendor\\laravel\\framework\\src\\Illuminate\\Container\\BoundMethod.php(37): Illuminate\\Container\\BoundMethod::callBoundMethod(Object(Illuminate\\Foundation\\Application), Array, Object(Closure))
#32 C:\\Users\\Ciann Renel Cazar\\Documents\\GitHub\\Mini_Sales_And_Inventory_Management_System\\vendor\\laravel\\framework\\src\\Illuminate\\Container\\Container.php(653): Illuminate\\Container\\BoundMethod::call(Object(Illuminate\\Foundation\\Application), Array, Array, NULL)
#33 C:\\Users\\Ciann Renel Cazar\\Documents\\GitHub\\Mini_Sales_And_Inventory_Management_System\\vendor\\laravel\\framework\\src\\Illuminate\\Console\\Command.php(136): Illuminate\\Container\\Container->call(Array)
#34 C:\\Users\\Ciann Renel Cazar\\Documents\\GitHub\\Mini_Sales_And_Inventory_Management_System\\vendor\\symfony\\console\\Command\\Command.php(299): Illuminate\\Console\\Command->execute(Object(Symfony\\Component\\Console\\Input\\ArgvInput), Object(Illuminate\\Console\\OutputStyle))
#35 C:\\Users\\Ciann Renel Cazar\\Documents\\GitHub\\Mini_Sales_And_Inventory_Management_System\\vendor\\laravel\\framework\\src\\Illuminate\\Console\\Command.php(121): Symfony\\Component\\Console\\Command\\Command->run(Object(Symfony\\Component\\Console\\Input\\ArgvInput), Object(Illuminate\\Console\\OutputStyle))
#36 C:\\Users\\Ciann Renel Cazar\\Documents\\GitHub\\Mini_Sales_And_Inventory_Management_System\\vendor\\symfony\\console\\Application.php(978): Illuminate\\Console\\Command->run(Object(Symfony\\Component\\Console\\Input\\ArgvInput), Object(Symfony\\Component\\Console\\Output\\ConsoleOutput))
#37 C:\\Users\\Ciann Renel Cazar\\Documents\\GitHub\\Mini_Sales_And_Inventory_Management_System\\vendor\\symfony\\console\\Application.php(295): Symfony\\Component\\Console\\Application->doRunCommand(Object(Illuminate\\Database\\Console\\Migrations\\FreshCommand), Object(Symfony\\Component\\Console\\Input\\ArgvInput), Object(Symfony\\Component\\Console\\Output\\ConsoleOutput))
#38 C:\\Users\\Ciann Renel Cazar\\Documents\\GitHub\\Mini_Sales_And_Inventory_Management_System\\vendor\\symfony\\console\\Application.php(167): Symfony\\Component\\Console\\Application->doRun(Object(Symfony\\Component\\Console\\Input\\ArgvInput), Object(Symfony\\Component\\Console\\Output\\ConsoleOutput))
#39 C:\\Users\\Ciann Renel Cazar\\Documents\\GitHub\\Mini_Sales_And_Inventory_Management_System\\vendor\\laravel\\framework\\src\\Illuminate\\Console\\Application.php(94): Symfony\\Component\\Console\\Application->run(Object(Symfony\\Component\\Console\\Input\\ArgvInput), Object(Symfony\\Component\\Console\\Output\\ConsoleOutput))
#40 C:\\Users\\Ciann Renel Cazar\\Documents\\GitHub\\Mini_Sales_And_Inventory_Management_System\\vendor\\laravel\\framework\\src\\Illuminate\\Foundation\\Console\\Kernel.php(129): Illuminate\\Console\\Application->run(Object(Symfony\\Component\\Console\\Input\\ArgvInput), Object(Symfony\\Component\\Console\\Output\\ConsoleOutput))
#41 C:\\Users\\Ciann Renel Cazar\\Documents\\GitHub\\Mini_Sales_And_Inventory_Management_System\\artisan(37): Illuminate\\Foundation\\Console\\Kernel->handle(Object(Symfony\\Component\\Console\\Input\\ArgvInput), Object(Symfony\\Component\\Console\\Output\\ConsoleOutput))
#42 {main}
"} 
